<?xml version="1.0" encoding="UTF-8" standalone="no"?><testsuite errors="0" failures="1" name="random purchase on exito" skipped="0" tests="1" time="25.87" timestamp="2024-03-06 12:07:48"><testcase name="randomly add products and product quantities to the cart"><failure message="Expected condition failed: waiting for By.xpath: //*[@id=&quot;__next&quot;]/header/section/div/div[1]/div[1]//button[@aria-label=&quot;Menu hamburguesa&quot;] to be present (tried for 5 second(s) with 100 milliseconds interval)&#10;Build info: version: '4.12.1', revision: '8e34639b11'&#10;System info: os.name: 'Windows 10', os.arch: 'amd64', os.version: '10.0', java.version: '11.0.18'&#10;Driver info: driver.version: unknown" type="net.thucydides.core.webdriver.exceptions.ElementShouldBePresentException">Expected condition failed: waiting for By.xpath: //*[@id="__next"]/header/section/div/div[1]/div[1]//button[@aria-label="Menu hamburguesa"] to be present (tried for 5 second(s) with 100 milliseconds interval)
Build info: version: '4.12.1', revision: '8e34639b11'
System info: os.name: 'Windows 10', os.arch: 'amd64', os.version: '10.0', java.version: '11.0.18'
Driver info: driver.version: unknown</failure><system-err>Expected condition failed: waiting for By.xpath: //*[@id="__next"]/header/section/div/div[1]/div[1]//button[@aria-label="Menu hamburguesa"] to be present (tried for 5 second(s) with 100 milliseconds interval)
Build info: version: '4.12.1', revision: '8e34639b11'
System info: os.name: 'Windows 10', os.arch: 'amd64', os.version: '10.0', java.version: '11.0.18'
Driver info: driver.version: unknown&#13;
net.thucydides.core.steps.StepInterceptor.invokeMethod(StepInterceptor.java:519)&#13;
net.thucydides.core.steps.StepInterceptor.executeTestStepMethod(StepInterceptor.java:499)&#13;
net.thucydides.core.steps.StepInterceptor.runTestStep(StepInterceptor.java:471)&#13;
net.thucydides.core.steps.StepInterceptor.runOrSkipMethod(StepInterceptor.java:213)&#13;
net.thucydides.core.steps.StepInterceptor.testStepResult(StepInterceptor.java:200)&#13;
net.thucydides.core.steps.StepInterceptor.intercept(StepInterceptor.java:92)&#13;
co.com.choucair.certificatio.exito.tasks.SearchCategory.performAs(SearchCategory.java:19)&#13;
net.thucydides.core.steps.StepInterceptor.invokeMethod(StepInterceptor.java:519)&#13;
net.thucydides.core.steps.StepInterceptor.executeTestStepMethod(StepInterceptor.java:499)&#13;
net.thucydides.core.steps.StepInterceptor.runTestStep(StepInterceptor.java:471)&#13;
net.thucydides.core.steps.StepInterceptor.runOrSkipMethod(StepInterceptor.java:213)&#13;
net.thucydides.core.steps.StepInterceptor.testStepResult(StepInterceptor.java:200)&#13;
net.thucydides.core.steps.StepInterceptor.intercept(StepInterceptor.java:92)&#13;
co.com.choucair.certificatio.exito.stepdefinitions.ExitoStepdefinitions.selectACategory(ExitoStepdefinitions.java:25)&#13;
io.cucumber.java.Invoker.doInvoke(Invoker.java:66)&#13;
io.cucumber.java.Invoker.invoke(Invoker.java:24)&#13;
io.cucumber.java.AbstractGlueDefinition.invokeMethod(AbstractGlueDefinition.java:47)&#13;
io.cucumber.java.JavaStepDefinition.execute(JavaStepDefinition.java:29)&#13;
io.cucumber.core.runner.CoreStepDefinition.execute(CoreStepDefinition.java:66)&#13;
io.cucumber.core.runner.PickleStepDefinitionMatch.runStep(PickleStepDefinitionMatch.java:63)&#13;
io.cucumber.core.runner.TestStep.executeStep(TestStep.java:84)&#13;
io.cucumber.core.runner.TestStep.run(TestStep.java:56)&#13;
io.cucumber.core.runner.PickleStepTestStep.run(PickleStepTestStep.java:51)&#13;
io.cucumber.core.runner.TestCase.run(TestCase.java:84)&#13;
io.cucumber.core.runner.Runner.runPickle(Runner.java:75)&#13;
io.cucumber.core.runtime.CucumberExecutionContext.lambda$runTestCase$5(CucumberExecutionContext.java:137)&#13;
io.cucumber.core.runtime.RethrowingThrowableCollector.executeAndThrow(RethrowingThrowableCollector.java:23)&#13;
io.cucumber.core.runtime.CucumberExecutionContext.runTestCase(CucumberExecutionContext.java:137)&#13;
io.cucumber.junit.FeatureRunner.runChild(FeatureRunner.java:144)&#13;
io.cucumber.junit.FeatureRunner.runChild(FeatureRunner.java:28)&#13;
io.cucumber.junit.FeatureRunner.run(FeatureRunner.java:137)&#13;
io.cucumber.junit.CucumberSerenityBaseRunner.runChild(CucumberSerenityBaseRunner.java:330)&#13;
io.cucumber.junit.CucumberSerenityBaseRunner.runChild(CucumberSerenityBaseRunner.java:51)&#13;
worker.org.gradle.process.internal.worker.GradleWorkerMain.run(GradleWorkerMain.java:69)&#13;
worker.org.gradle.process.internal.worker.GradleWorkerMain.main(GradleWorkerMain.java:74)&#13;
</system-err></testcase></testsuite>