<?xml version="1.0" encoding="UTF-8" standalone="no"?><testsuite errors="1" failures="0" name="random purchase on exito" skipped="0" tests="1" time="0.07" timestamp="2024-03-11 04:29:51"><testcase name="randomly add products and product quantities to the cart"><error message="'net.serenitybdd.core.Serenity$SerenityConfigurer net.serenitybdd.core.Serenity.initializeWithNoStepListener(java.lang.Object)'" type="java.lang.NoSuchMethodError">'net.serenitybdd.core.Serenity$SerenityConfigurer net.serenitybdd.core.Serenity.initializeWithNoStepListener(java.lang.Object)'</error><system-err>'net.serenitybdd.core.Serenity$SerenityConfigurer net.serenitybdd.core.Serenity.initializeWithNoStepListener(java.lang.Object)'&#13;
worker.org.gradle.process.internal.worker.GradleWorkerMain.run(GradleWorkerMain.java:69)&#13;
worker.org.gradle.process.internal.worker.GradleWorkerMain.main(GradleWorkerMain.java:74)&#13;
</system-err></testcase></testsuite>