<?xml version="1.0" encoding="UTF-8" standalone="no"?><testsuite errors="1" failures="0" name="random purchase on exito" skipped="0" tests="1" time="23.81" timestamp="2024-03-06 09:42:29"><testcase name="randomly add products and product quantities to the cart"><error message="Conversion = '&#10;'" type="java.util.UnknownFormatConversionException">Conversion = '
'</error><system-err>Conversion = '
'&#13;
co.com.choucair.certificatio.exito.tasks.SearchProduct.performAs(SearchProduct.java:27)&#13;
net.thucydides.core.steps.StepInterceptor.invokeMethod(StepInterceptor.java:519)&#13;
net.thucydides.core.steps.StepInterceptor.executeTestStepMethod(StepInterceptor.java:499)&#13;
net.thucydides.core.steps.StepInterceptor.runTestStep(StepInterceptor.java:471)&#13;
net.thucydides.core.steps.StepInterceptor.runOrSkipMethod(StepInterceptor.java:213)&#13;
net.thucydides.core.steps.StepInterceptor.testStepResult(StepInterceptor.java:200)&#13;
net.thucydides.core.steps.StepInterceptor.intercept(StepInterceptor.java:92)&#13;
co.com.choucair.certificatio.exito.stepdefinitions.ExitoStepdefinitions.randomlySelectsFiveProducts(ExitoStepdefinitions.java:45)&#13;
io.cucumber.java.Invoker.doInvoke(Invoker.java:66)&#13;
io.cucumber.java.Invoker.invoke(Invoker.java:24)&#13;
io.cucumber.java.AbstractGlueDefinition.invokeMethod(AbstractGlueDefinition.java:47)&#13;
io.cucumber.java.JavaStepDefinition.execute(JavaStepDefinition.java:29)&#13;
io.cucumber.core.runner.CoreStepDefinition.execute(CoreStepDefinition.java:66)&#13;
io.cucumber.core.runner.PickleStepDefinitionMatch.runStep(PickleStepDefinitionMatch.java:63)&#13;
io.cucumber.core.runner.TestStep.executeStep(TestStep.java:84)&#13;
io.cucumber.core.runner.TestStep.run(TestStep.java:56)&#13;
io.cucumber.core.runner.PickleStepTestStep.run(PickleStepTestStep.java:51)&#13;
io.cucumber.core.runner.TestCase.run(TestCase.java:84)&#13;
io.cucumber.core.runner.Runner.runPickle(Runner.java:75)&#13;
io.cucumber.core.runtime.CucumberExecutionContext.lambda$runTestCase$5(CucumberExecutionContext.java:137)&#13;
io.cucumber.core.runtime.RethrowingThrowableCollector.executeAndThrow(RethrowingThrowableCollector.java:23)&#13;
io.cucumber.core.runtime.CucumberExecutionContext.runTestCase(CucumberExecutionContext.java:137)&#13;
io.cucumber.junit.FeatureRunner.runChild(FeatureRunner.java:144)&#13;
io.cucumber.junit.FeatureRunner.runChild(FeatureRunner.java:28)&#13;
io.cucumber.junit.FeatureRunner.run(FeatureRunner.java:137)&#13;
io.cucumber.junit.CucumberSerenityBaseRunner.runChild(CucumberSerenityBaseRunner.java:330)&#13;
io.cucumber.junit.CucumberSerenityBaseRunner.runChild(CucumberSerenityBaseRunner.java:51)&#13;
worker.org.gradle.process.internal.worker.GradleWorkerMain.run(GradleWorkerMain.java:69)&#13;
worker.org.gradle.process.internal.worker.GradleWorkerMain.main(GradleWorkerMain.java:74)&#13;
</system-err></testcase></testsuite>